app/build/intermediates/manifest_merge_blame_file/debug/processDebugMainManifest/manifest-merger-blame-debug-report.txt
1<?xml version="1.0" encoding="utf-8"?>
2<manifest xmlns:android="http://schemas.android.com/apk/res/android"
3    package="co.median.android.a2025_theangels_new.debug"
4    android:versionCode="1"
5    android:versionName="1.0-debug" >
6
7    <uses-sdk
8        android:minSdkVersion="24"
9        android:targetSdkVersion="35" />
10
11    <uses-permission android:name="android.permission.VIBRATE" />
11-->src\main\AndroidManifest.xml:5:5-65
11-->src\main\AndroidManifest.xml:5:22-63
12    <uses-permission android:name="android.permission.ACCESS_FINE_LOCATION" />
12-->src\main\AndroidManifest.xml:6:5-78
12-->src\main\AndroidManifest.xml:6:22-76
13    <uses-permission android:name="android.permission.ACCESS_COARSE_LOCATION" />
13-->src\main\AndroidManifest.xml:7:5-80
13-->src\main\AndroidManifest.xml:7:22-78
14    <uses-permission android:name="android.permission.ACCESS_FINE_LOCATION" />
14-->src\main\AndroidManifest.xml:6:5-78
14-->src\main\AndroidManifest.xml:6:22-76
15    <uses-permission android:name="android.permission.BODY_SENSORS" />
15-->src\main\AndroidManifest.xml:9:5-70
15-->src\main\AndroidManifest.xml:9:22-68
16    <uses-permission android:name="android.permission.POST_NOTIFICATIONS" />
16-->src\main\AndroidManifest.xml:10:5-76
16-->src\main\AndroidManifest.xml:10:22-74
17
18    <!-- Include required permissions for Google Maps API to run. -->
19    <uses-permission android:name="android.permission.ACCESS_NETWORK_STATE" />
19-->[com.google.android.gms:play-services-maps:19.1.0] AndroidManifest.xml:20:5-78
19-->[com.google.android.gms:play-services-maps:19.1.0] AndroidManifest.xml:20:22-76
20    <uses-permission android:name="android.permission.INTERNET" />
20-->[com.google.android.gms:play-services-maps:19.1.0] AndroidManifest.xml:21:5-66
20-->[com.google.android.gms:play-services-maps:19.1.0] AndroidManifest.xml:21:22-64
21
22    <uses-feature
22-->[com.google.android.gms:play-services-maps:19.1.0] AndroidManifest.xml:22:5-24:33
23        android:glEsVersion="0x00020000"
23-->[com.google.android.gms:play-services-maps:19.1.0] AndroidManifest.xml:23:8-40
24        android:required="true" />
24-->[com.google.android.gms:play-services-maps:19.1.0] AndroidManifest.xml:24:8-31
25
26    <queries>
26-->[com.google.android.gms:play-services-maps:19.1.0] AndroidManifest.xml:27:5-30:15
27
28        <!-- Needs to be explicitly declared on Android R+ -->
29        <package android:name="com.google.android.apps.maps" />
29-->[com.google.android.gms:play-services-maps:19.1.0] AndroidManifest.xml:29:7-61
29-->[com.google.android.gms:play-services-maps:19.1.0] AndroidManifest.xml:29:16-59
30    </queries>
31
32    <permission
32-->[androidx.core:core:1.13.0] AndroidManifest.xml:22:5-24:47
33        android:name="co.median.android.a2025_theangels_new.debug.DYNAMIC_RECEIVER_NOT_EXPORTED_PERMISSION"
33-->[androidx.core:core:1.13.0] AndroidManifest.xml:23:9-81
34        android:protectionLevel="signature" />
34-->[androidx.core:core:1.13.0] AndroidManifest.xml:24:9-44
35
36    <uses-permission android:name="co.median.android.a2025_theangels_new.debug.DYNAMIC_RECEIVER_NOT_EXPORTED_PERMISSION" />
36-->[androidx.core:core:1.13.0] AndroidManifest.xml:26:5-97
36-->[androidx.core:core:1.13.0] AndroidManifest.xml:26:22-94
37
38    <application
38-->src\main\AndroidManifest.xml:13:5-152:19
39        android:allowBackup="true"
39-->src\main\AndroidManifest.xml:14:9-35
40        android:appComponentFactory="androidx.core.app.CoreComponentFactory"
40-->[androidx.core:core:1.13.0] AndroidManifest.xml:28:18-86
41        android:dataExtractionRules="@xml/data_extraction_rules"
41-->src\main\AndroidManifest.xml:15:9-65
42        android:debuggable="true"
43        android:extractNativeLibs="false"
44        android:fullBackupContent="@xml/backup_rules"
44-->src\main\AndroidManifest.xml:16:9-54
45        android:icon="@mipmap/icon"
45-->src\main\AndroidManifest.xml:17:9-36
46        android:label="@string/app_name"
46-->src\main\AndroidManifest.xml:18:9-41
47        android:roundIcon="@mipmap/icon"
47-->src\main\AndroidManifest.xml:19:9-41
48        android:supportsRtl="true"
48-->src\main\AndroidManifest.xml:20:9-35
49        android:testOnly="true"
50        android:theme="@style/Theme._2025_theangels_new" >
50-->src\main\AndroidManifest.xml:21:9-57
51        <meta-data
51-->src\main\AndroidManifest.xml:24:9-26:54
52            android:name="com.google.android.geo.API_KEY"
52-->src\main\AndroidManifest.xml:25:13-58
53            android:value="@string/google_maps_key" />
53-->src\main\AndroidManifest.xml:26:13-52
54
55        <receiver
55-->src\main\AndroidManifest.xml:28:9-36:20
56            android:name="co.median.android.a2025_theangels_new.widget.EmergencyWidget"
56-->src\main\AndroidManifest.xml:28:19-57
57            android:exported="true" >
57-->src\main\AndroidManifest.xml:29:13-36
58            <intent-filter>
58-->src\main\AndroidManifest.xml:30:13-32:29
59                <action android:name="android.appwidget.action.APPWIDGET_UPDATE" />
59-->src\main\AndroidManifest.xml:31:17-83
59-->src\main\AndroidManifest.xml:31:25-81
60            </intent-filter>
61
62            <meta-data
62-->src\main\AndroidManifest.xml:33:13-35:65
63                android:name="android.appwidget.provider"
63-->src\main\AndroidManifest.xml:34:17-58
64                android:resource="@xml/emergency_widget_info" />
64-->src\main\AndroidManifest.xml:35:17-62
65        </receiver>
66
67        <activity
67-->src\main\AndroidManifest.xml:39:9-47:20
68            android:name="co.median.android.a2025_theangels_new.activities.MainActivity"
68-->src\main\AndroidManifest.xml:40:13-52
69            android:exported="true"
69-->src\main\AndroidManifest.xml:41:13-36
70            android:theme="@style/Theme._2025_theangels_new" >
70-->src\main\AndroidManifest.xml:42:13-61
71            <intent-filter>
71-->src\main\AndroidManifest.xml:43:13-46:29
72                <action android:name="android.intent.action.MAIN" />
72-->src\main\AndroidManifest.xml:44:17-68
72-->src\main\AndroidManifest.xml:44:25-66
73
74                <category android:name="android.intent.category.LAUNCHER" />
74-->src\main\AndroidManifest.xml:45:17-76
74-->src\main\AndroidManifest.xml:45:27-74
75            </intent-filter>
76        </activity>
77        <activity
77-->src\main\AndroidManifest.xml:49:9-53:63
78            android:name="co.median.android.a2025_theangels_new.activities.OnboardingActivity"
78-->src\main\AndroidManifest.xml:50:13-58
79            android:exported="false"
79-->src\main\AndroidManifest.xml:51:13-37
80            android:label="Onboarding"
80-->src\main\AndroidManifest.xml:52:13-39
81            android:theme="@style/Theme._2025_theangels_new" />
81-->src\main\AndroidManifest.xml:53:13-61
82        <activity
82-->src\main\AndroidManifest.xml:55:9-59:63
83            android:name="co.median.android.a2025_theangels_new.activities.RegistrationActivity"
83-->src\main\AndroidManifest.xml:56:13-60
84            android:exported="false"
84-->src\main\AndroidManifest.xml:57:13-37
85            android:label="Registration"
85-->src\main\AndroidManifest.xml:58:13-41
86            android:theme="@style/Theme._2025_theangels_new" />
86-->src\main\AndroidManifest.xml:59:13-61
87        <activity
87-->src\main\AndroidManifest.xml:61:9-65:63
88            android:name="co.median.android.a2025_theangels_new.activities.RegistrationActivity2"
88-->src\main\AndroidManifest.xml:62:13-61
89            android:exported="false"
89-->src\main\AndroidManifest.xml:63:13-37
90            android:label="Registration"
90-->src\main\AndroidManifest.xml:64:13-41
91            android:theme="@style/Theme._2025_theangels_new" />
91-->src\main\AndroidManifest.xml:65:13-61
92        <activity
92-->src\main\AndroidManifest.xml:67:9-71:63
93            android:name="co.median.android.a2025_theangels_new.activities.HomepageActivity"
93-->src\main\AndroidManifest.xml:68:13-56
94            android:exported="false"
94-->src\main\AndroidManifest.xml:69:13-37
95            android:label="Home"
95-->src\main\AndroidManifest.xml:70:13-33
96            android:theme="@style/Theme._2025_theangels_new" />
96-->src\main\AndroidManifest.xml:71:13-61
97        <activity
97-->src\main\AndroidManifest.xml:73:9-77:63
98            android:name="co.median.android.a2025_theangels_new.activities.HomeActivity"
98-->src\main\AndroidManifest.xml:74:13-52
99            android:exported="false"
99-->src\main\AndroidManifest.xml:75:13-37
100            android:label="Home"
100-->src\main\AndroidManifest.xml:76:13-33
101            android:theme="@style/Theme._2025_theangels_new" />
101-->src\main\AndroidManifest.xml:77:13-61
102        <activity
102-->src\main\AndroidManifest.xml:79:9-83:63
103            android:name="co.median.android.a2025_theangels_new.activities.EventsActivity"
103-->src\main\AndroidManifest.xml:80:13-54
104            android:exported="false"
104-->src\main\AndroidManifest.xml:81:13-37
105            android:label="Events"
105-->src\main\AndroidManifest.xml:82:13-35
106            android:theme="@style/Theme._2025_theangels_new" />
106-->src\main\AndroidManifest.xml:83:13-61
107        <activity
107-->src\main\AndroidManifest.xml:85:9-89:63
108            android:name="co.median.android.a2025_theangels_new.activities.EducationActivity"
108-->src\main\AndroidManifest.xml:86:13-57
109            android:exported="false"
109-->src\main\AndroidManifest.xml:87:13-37
110            android:label="Education"
110-->src\main\AndroidManifest.xml:88:13-38
111            android:theme="@style/Theme._2025_theangels_new" />
111-->src\main\AndroidManifest.xml:89:13-61
112        <activity
112-->src\main\AndroidManifest.xml:91:9-95:63
113            android:name="co.median.android.a2025_theangels_new.activities.ProfileActivity"
113-->src\main\AndroidManifest.xml:92:13-55
114            android:exported="false"
114-->src\main\AndroidManifest.xml:93:13-37
115            android:label="Profile"
115-->src\main\AndroidManifest.xml:94:13-36
116            android:theme="@style/Theme._2025_theangels_new" />
116-->src\main\AndroidManifest.xml:95:13-61
117        <activity
117-->src\main\AndroidManifest.xml:97:9-101:63
118            android:name="co.median.android.a2025_theangels_new.activities.NewEventActivity"
118-->src\main\AndroidManifest.xml:98:13-56
119            android:exported="false"
119-->src\main\AndroidManifest.xml:99:13-37
120            android:label="New Event"
120-->src\main\AndroidManifest.xml:100:13-38
121            android:theme="@style/Theme._2025_theangels_new" />
121-->src\main\AndroidManifest.xml:101:13-61
122        <activity
122-->src\main\AndroidManifest.xml:103:9-107:63
123            android:name="co.median.android.a2025_theangels_new.activities.MyDetailsActivity"
123-->src\main\AndroidManifest.xml:104:13-57
124            android:exported="false"
124-->src\main\AndroidManifest.xml:105:13-37
125            android:label="My Details"
125-->src\main\AndroidManifest.xml:106:13-39
126            android:theme="@style/Theme._2025_theangels_new" />
126-->src\main\AndroidManifest.xml:107:13-61
127        <activity
127-->src\main\AndroidManifest.xml:109:9-113:63
128            android:name="co.median.android.a2025_theangels_new.activities.PrivacySettingsActivity"
128-->src\main\AndroidManifest.xml:110:13-63
129            android:exported="false"
129-->src\main\AndroidManifest.xml:111:13-37
130            android:label="My Details"
130-->src\main\AndroidManifest.xml:112:13-39
131            android:theme="@style/Theme._2025_theangels_new" />
131-->src\main\AndroidManifest.xml:113:13-61
132        <activity
132-->src\main\AndroidManifest.xml:115:9-119:63
133            android:name="co.median.android.a2025_theangels_new.activities.DisplaySettingsActivity"
133-->src\main\AndroidManifest.xml:116:13-63
134            android:exported="false"
134-->src\main\AndroidManifest.xml:117:13-37
135            android:label="My Details"
135-->src\main\AndroidManifest.xml:118:13-39
136            android:theme="@style/Theme._2025_theangels_new" />
136-->src\main\AndroidManifest.xml:119:13-61
137        <activity
137-->src\main\AndroidManifest.xml:122:9-126:63
138            android:name="co.median.android.a2025_theangels_new.activities.SupportActivity"
138-->src\main\AndroidManifest.xml:123:13-55
139            android:exported="false"
139-->src\main\AndroidManifest.xml:124:13-37
140            android:label="Support"
140-->src\main\AndroidManifest.xml:125:13-36
141            android:theme="@style/Theme._2025_theangels_new" />
141-->src\main\AndroidManifest.xml:126:13-61
142        <activity
142-->src\main\AndroidManifest.xml:128:9-132:63
143            android:name="co.median.android.a2025_theangels_new.activities.JoinVolSettingsActivity"
143-->src\main\AndroidManifest.xml:129:13-63
144            android:exported="false"
144-->src\main\AndroidManifest.xml:130:13-37
145            android:label="Join Vol"
145-->src\main\AndroidManifest.xml:131:13-37
146            android:theme="@style/Theme._2025_theangels_new" />
146-->src\main\AndroidManifest.xml:132:13-61
147        <activity
147-->src\main\AndroidManifest.xml:134:9-138:63
148            android:name="co.median.android.a2025_theangels_new.activities.EventUserActivity"
148-->src\main\AndroidManifest.xml:135:13-57
149            android:exported="false"
149-->src\main\AndroidManifest.xml:136:13-37
150            android:label="Event USER"
150-->src\main\AndroidManifest.xml:137:13-39
151            android:theme="@style/Theme._2025_theangels_new" />
151-->src\main\AndroidManifest.xml:138:13-61
152        <activity
152-->src\main\AndroidManifest.xml:140:9-144:63
153            android:name="co.median.android.a2025_theangels_new.activities.EventDetailsActivity"
153-->src\main\AndroidManifest.xml:141:13-60
154            android:exported="false"
154-->src\main\AndroidManifest.xml:142:13-37
155            android:label="Event USER"
155-->src\main\AndroidManifest.xml:143:13-39
156            android:theme="@style/Theme._2025_theangels_new" />
156-->src\main\AndroidManifest.xml:144:13-61
157        <activity
157-->src\main\AndroidManifest.xml:146:9-150:63
158            android:name="co.median.android.a2025_theangels_new.activities.EducationDetailsActivity"
158-->src\main\AndroidManifest.xml:147:13-64
159            android:exported="false"
159-->src\main\AndroidManifest.xml:148:13-37
160            android:label="Edu "
160-->src\main\AndroidManifest.xml:149:13-33
161            android:theme="@style/Theme._2025_theangels_new" />
161-->src\main\AndroidManifest.xml:150:13-61
162
163        <!-- Needs to be explicitly declared on P+ -->
164        <uses-library
164-->[com.google.android.gms:play-services-maps:19.1.0] AndroidManifest.xml:33:7-86
165            android:name="org.apache.http.legacy"
165-->[com.google.android.gms:play-services-maps:19.1.0] AndroidManifest.xml:33:21-58
166            android:required="false" />
166-->[com.google.android.gms:play-services-maps:19.1.0] AndroidManifest.xml:33:59-83
167
168        <provider
168-->[androidx.emoji2:emoji2:1.3.0] AndroidManifest.xml:24:9-32:20
169            android:name="androidx.startup.InitializationProvider"
169-->[androidx.emoji2:emoji2:1.3.0] AndroidManifest.xml:25:13-67
170            android:authorities="co.median.android.a2025_theangels_new.debug.androidx-startup"
170-->[androidx.emoji2:emoji2:1.3.0] AndroidManifest.xml:26:13-68
171            android:exported="false" >
171-->[androidx.emoji2:emoji2:1.3.0] AndroidManifest.xml:27:13-37
172            <meta-data
172-->[androidx.emoji2:emoji2:1.3.0] AndroidManifest.xml:29:13-31:52
173                android:name="androidx.emoji2.text.EmojiCompatInitializer"
173-->[androidx.emoji2:emoji2:1.3.0] AndroidManifest.xml:30:17-75
174                android:value="androidx.startup" />
174-->[androidx.emoji2:emoji2:1.3.0] AndroidManifest.xml:31:17-49
175            <meta-data
175-->[androidx.lifecycle:lifecycle-process:2.8.7] AndroidManifest.xml:29:13-31:52
176                android:name="androidx.lifecycle.ProcessLifecycleInitializer"
176-->[androidx.lifecycle:lifecycle-process:2.8.7] AndroidManifest.xml:30:17-78
177                android:value="androidx.startup" />
177-->[androidx.lifecycle:lifecycle-process:2.8.7] AndroidManifest.xml:31:17-49
178            <meta-data
178-->[androidx.profileinstaller:profileinstaller:1.4.0] AndroidManifest.xml:29:13-31:52
179                android:name="androidx.profileinstaller.ProfileInstallerInitializer"
179-->[androidx.profileinstaller:profileinstaller:1.4.0] AndroidManifest.xml:30:17-85
180                android:value="androidx.startup" />
180-->[androidx.profileinstaller:profileinstaller:1.4.0] AndroidManifest.xml:31:17-49
181        </provider>
182
183        <activity
183-->[com.google.android.gms:play-services-base:18.5.0] AndroidManifest.xml:5:9-173
184            android:name="com.google.android.gms.common.api.GoogleApiActivity"
184-->[com.google.android.gms:play-services-base:18.5.0] AndroidManifest.xml:5:19-85
185            android:exported="false"
185-->[com.google.android.gms:play-services-base:18.5.0] AndroidManifest.xml:5:146-170
186            android:theme="@android:style/Theme.Translucent.NoTitleBar" />
186-->[com.google.android.gms:play-services-base:18.5.0] AndroidManifest.xml:5:86-145
187
188        <meta-data
188-->[com.google.android.gms:play-services-basement:18.4.0] AndroidManifest.xml:6:9-122
189            android:name="com.google.android.gms.version"
189-->[com.google.android.gms:play-services-basement:18.4.0] AndroidManifest.xml:6:20-65
190            android:value="@integer/google_play_services_version" />
190-->[com.google.android.gms:play-services-basement:18.4.0] AndroidManifest.xml:6:66-119
191
192        <receiver
192-->[androidx.profileinstaller:profileinstaller:1.4.0] AndroidManifest.xml:34:9-52:20
193            android:name="androidx.profileinstaller.ProfileInstallReceiver"
193-->[androidx.profileinstaller:profileinstaller:1.4.0] AndroidManifest.xml:35:13-76
194            android:directBootAware="false"
194-->[androidx.profileinstaller:profileinstaller:1.4.0] AndroidManifest.xml:36:13-44
195            android:enabled="true"
195-->[androidx.profileinstaller:profileinstaller:1.4.0] AndroidManifest.xml:37:13-35
196            android:exported="true"
196-->[androidx.profileinstaller:profileinstaller:1.4.0] AndroidManifest.xml:38:13-36
197            android:permission="android.permission.DUMP" >
197-->[androidx.profileinstaller:profileinstaller:1.4.0] AndroidManifest.xml:39:13-57
198            <intent-filter>
198-->[androidx.profileinstaller:profileinstaller:1.4.0] AndroidManifest.xml:40:13-42:29
199                <action android:name="androidx.profileinstaller.action.INSTALL_PROFILE" />
199-->[androidx.profileinstaller:profileinstaller:1.4.0] AndroidManifest.xml:41:17-91
199-->[androidx.profileinstaller:profileinstaller:1.4.0] AndroidManifest.xml:41:25-88
200            </intent-filter>
201            <intent-filter>
201-->[androidx.profileinstaller:profileinstaller:1.4.0] AndroidManifest.xml:43:13-45:29
202                <action android:name="androidx.profileinstaller.action.SKIP_FILE" />
202-->[androidx.profileinstaller:profileinstaller:1.4.0] AndroidManifest.xml:44:17-85
202-->[androidx.profileinstaller:profileinstaller:1.4.0] AndroidManifest.xml:44:25-82
203            </intent-filter>
204            <intent-filter>
204-->[androidx.profileinstaller:profileinstaller:1.4.0] AndroidManifest.xml:46:13-48:29
205                <action android:name="androidx.profileinstaller.action.SAVE_PROFILE" />
205-->[androidx.profileinstaller:profileinstaller:1.4.0] AndroidManifest.xml:47:17-88
205-->[androidx.profileinstaller:profileinstaller:1.4.0] AndroidManifest.xml:47:25-85
206            </intent-filter>
207            <intent-filter>
207-->[androidx.profileinstaller:profileinstaller:1.4.0] AndroidManifest.xml:49:13-51:29
208                <action android:name="androidx.profileinstaller.action.BENCHMARK_OPERATION" />
208-->[androidx.profileinstaller:profileinstaller:1.4.0] AndroidManifest.xml:50:17-95
208-->[androidx.profileinstaller:profileinstaller:1.4.0] AndroidManifest.xml:50:25-92
209            </intent-filter>
210        </receiver>
211    </application>
212
213</manifest>